

================================================================
== Vivado HLS Report for 'inference_Loop_1_proc'
================================================================
* Date:           Tue Jun  7 01:54:00 2016

* Version:        2015.4 (Build 1412921 on Wed Nov 18 09:58:55 AM 2015)
* Project:        convnet_cpp
* Solution:       solution1
* Product family: virtex7
* Target device:  xc7vx690tffg1761-2


================================================================
== Performance Estimates
================================================================
+ Timing (ns): 
    * Summary: 
    +--------+-------+----------+------------+
    |  Clock | Target| Estimated| Uncertainty|
    +--------+-------+----------+------------+
    |ap_clk  |  10.00|      4.89|        1.25|
    +--------+-------+----------+------------+

+ Latency (clock cycles): 
    * Summary: 
    +-----+-----+-----+-----+---------+
    |  Latency  |  Interval | Pipeline|
    | min | max | min | max |   Type  |
    +-----+-----+-----+-----+---------+
    |  793|  793|  793|  793|   none  |
    +-----+-----+-----+-----+---------+

    + Detail: 
        * Instance: 
        N/A

        * Loop: 
        +----------------------+-----+-----+----------+-----------+-----------+------+----------+
        |                      |  Latency  | Iteration|  Initiation Interval  | Trip |          |
        |       Loop Name      | min | max |  Latency |  achieved |   target  | Count| Pipelined|
        +----------------------+-----+-----+----------+-----------+-----------+------+----------+
        |- L_inference_label0  |  791|  791|         9|          1|          1|   784|    yes   |
        +----------------------+-----+-----+----------+-----------+-----------+------+----------+



================================================================
== Utilization Estimates
================================================================
* Summary: 
+-----------------+---------+-------+--------+--------+
|       Name      | BRAM_18K| DSP48E|   FF   |   LUT  |
+-----------------+---------+-------+--------+--------+
|DSP              |        -|      -|       -|       -|
|Expression       |        -|      2|       0|      66|
|FIFO             |        -|      -|       -|       -|
|Instance         |        -|      -|     176|     176|
|Memory           |        -|      -|       -|       -|
|Multiplexer      |        -|      -|       -|      27|
|Register         |        -|      -|      52|      11|
+-----------------+---------+-------+--------+--------+
|Total            |        0|      2|     228|     280|
+-----------------+---------+-------+--------+--------+
|Available        |     2940|   3600|  866400|  433200|
+-----------------+---------+-------+--------+--------+
|Utilization (%)  |        0|   ~0  |   ~0   |   ~0   |
+-----------------+---------+-------+--------+--------+

+ Detail: 
    * Instance: 
    +-------------------------------+----------------------------+---------+-------+----+----+
    |            Instance           |           Module           | BRAM_18K| DSP48E| FF | LUT|
    +-------------------------------+----------------------------+---------+-------+----+----+
    |inference_urem_5ns_4ns_5_9_U1  |inference_urem_5ns_4ns_5_9  |        0|      0|  88|  88|
    |inference_urem_5ns_4ns_5_9_U2  |inference_urem_5ns_4ns_5_9  |        0|      0|  88|  88|
    +-------------------------------+----------------------------+---------+-------+----+----+
    |Total                          |                            |        0|      0| 176| 176|
    +-------------------------------+----------------------------+---------+-------+----+----+

    * DSP48: 
    N/A

    * Memory: 
    N/A

    * FIFO: 
    N/A

    * Expression: 
    +-------------------------------+----------+-------+---+----+------------+------------+
    |         Variable Name         | Operation| DSP48E| FF| LUT| Bitwidth P0| Bitwidth P1|
    +-------------------------------+----------+-------+---+----+------------+------------+
    |mul4_fu_587_p2                 |     *    |      1|  0|   4|           6|           5|
    |mul_fu_620_p2                  |     *    |      1|  0|   4|           6|           5|
    |i_fu_510_p2                    |     +    |      0|  0|   5|           1|           5|
    |indvar_flatten_next_fu_504_p2  |     +    |      0|  0|  10|          10|           1|
    |j_fu_550_p2                    |     +    |      0|  0|   5|           5|           1|
    |tmp_1110_fu_682_p2             |     +    |      0|  0|   3|           6|           6|
    |tmp_1111_fu_606_p2             |     +    |      0|  0|   3|          11|          11|
    |tmp_1114_fu_703_p2             |     +    |      0|  0|   3|           7|           7|
    |tmp_1115_fu_728_p2             |     +    |      0|  0|   3|           6|           6|
    |tmp_1102_fu_578_p2             |     -    |      0|  0|   3|          11|          11|
    |tmp_1108_fu_669_p2             |     -    |      0|  0|   3|           7|           7|
    |grp_fu_538_p0                  |  Select  |      0|  0|   5|           1|           5|
    |j_0_i_i_mid2_fu_522_p3         |  Select  |      0|  0|   5|           1|           1|
    |exitcond4_i_i9_fu_516_p2       |   icmp   |      0|  0|   2|           5|           4|
    |exitcond_flatten_fu_498_p2     |   icmp   |      0|  0|   4|          10|           9|
    |ap_sig_bdd_289                 |    or    |      0|  0|   1|           1|           1|
    +-------------------------------+----------+-------+---+----+------------+------------+
    |Total                          |          |      2|  0|  66|          94|          85|
    +-------------------------------+----------+-------+---+----+------------+------------+

    * Multiplexer: 
    +------------------------+----+-----------+-----+-----------+
    |          Name          | LUT| Input Size| Bits| Total Bits|
    +------------------------+----+-----------+-----+-----------+
    |ap_NS_fsm               |   1|          4|    1|          4|
    |ap_reg_ppiten_pp0_it8   |   1|          2|    1|          2|
    |i_0_i_i_phi_fu_480_p4   |   5|          2|    5|         10|
    |i_0_i_i_reg_476         |   5|          2|    5|         10|
    |indvar_flatten_reg_465  |  10|          2|   10|         20|
    |j_0_i_i_reg_487         |   5|          2|    5|         10|
    +------------------------+----+-----------+-----+-----------+
    |Total                   |  27|         14|   27|         56|
    +------------------------+----+-----------+-----+-----------+

    * Register: 
    +--------------------------+----+----+-----+-----------+
    |           Name           | FF | LUT| Bits| Const Bits|
    +--------------------------+----+----+-----+-----------+
    |ap_CS_fsm                 |   3|   0|    3|          0|
    |ap_done_reg               |   1|   0|    1|          0|
    |ap_reg_ppiten_pp0_it0     |   1|   0|    1|          0|
    |ap_reg_ppiten_pp0_it1     |   1|   0|    1|          0|
    |ap_reg_ppiten_pp0_it2     |   1|   0|    1|          0|
    |ap_reg_ppiten_pp0_it3     |   1|   0|    1|          0|
    |ap_reg_ppiten_pp0_it4     |   1|   0|    1|          0|
    |ap_reg_ppiten_pp0_it5     |   1|   0|    1|          0|
    |ap_reg_ppiten_pp0_it6     |   1|   0|    1|          0|
    |ap_reg_ppiten_pp0_it7     |   1|   0|    1|          0|
    |ap_reg_ppiten_pp0_it8     |   1|   0|    1|          0|
    |exitcond_flatten_reg_748  |   1|   0|    1|          0|
    |i_0_i_i_mid2_reg_764      |   5|   0|    5|          0|
    |i_0_i_i_reg_476           |   5|   0|    5|          0|
    |indvar_flatten_reg_465    |  10|   0|   10|          0|
    |j_0_i_i_mid2_reg_757      |   5|   0|    5|          0|
    |j_0_i_i_reg_487           |   5|   0|    5|          0|
    |tmp_1104_reg_778          |   4|   0|    4|          0|
    |tmp_1113_reg_791          |   4|   0|    4|          0|
    |exitcond_flatten_reg_748  |   0|   1|    1|          0|
    |i_0_i_i_mid2_reg_764      |   0|   5|    5|          0|
    |j_0_i_i_mid2_reg_757      |   0|   5|    5|          0|
    +--------------------------+----+----+-----+-----------+
    |Total                     |  52|  11|   63|          0|
    +--------------------------+----+----+-----+-----------+



================================================================
== Interface
================================================================
* Summary: 
+---------------------+-----+-----+------------+-----------------------+--------------+
|      RTL Ports      | Dir | Bits|  Protocol  |     Source Object     |    C Type    |
+---------------------+-----+-----+------------+-----------------------+--------------+
|ap_clk               |  in |    1| ap_ctrl_hs | inference_Loop_1_proc | return value |
|ap_rst               |  in |    1| ap_ctrl_hs | inference_Loop_1_proc | return value |
|ap_start             |  in |    1| ap_ctrl_hs | inference_Loop_1_proc | return value |
|ap_done              | out |    1| ap_ctrl_hs | inference_Loop_1_proc | return value |
|ap_continue          |  in |    1| ap_ctrl_hs | inference_Loop_1_proc | return value |
|ap_idle              | out |    1| ap_ctrl_hs | inference_Loop_1_proc | return value |
|ap_ready             | out |    1| ap_ctrl_hs | inference_Loop_1_proc | return value |
|inputImage_address0  | out |   10|  ap_memory |       inputImage      |     array    |
|inputImage_ce0       | out |    1|  ap_memory |       inputImage      |     array    |
|inputImage_q0        |  in |   32|  ap_memory |       inputImage      |     array    |
|x_in_0_0_0_address0  | out |    6|  ap_memory |       x_in_0_0_0      |     array    |
|x_in_0_0_0_ce0       | out |    1|  ap_memory |       x_in_0_0_0      |     array    |
|x_in_0_0_0_we0       | out |    1|  ap_memory |       x_in_0_0_0      |     array    |
|x_in_0_0_0_d0        | out |   32|  ap_memory |       x_in_0_0_0      |     array    |
|x_in_0_1_0_address0  | out |    6|  ap_memory |       x_in_0_1_0      |     array    |
|x_in_0_1_0_ce0       | out |    1|  ap_memory |       x_in_0_1_0      |     array    |
|x_in_0_1_0_we0       | out |    1|  ap_memory |       x_in_0_1_0      |     array    |
|x_in_0_1_0_d0        | out |   32|  ap_memory |       x_in_0_1_0      |     array    |
|x_in_0_2_0_address0  | out |    6|  ap_memory |       x_in_0_2_0      |     array    |
|x_in_0_2_0_ce0       | out |    1|  ap_memory |       x_in_0_2_0      |     array    |
|x_in_0_2_0_we0       | out |    1|  ap_memory |       x_in_0_2_0      |     array    |
|x_in_0_2_0_d0        | out |   32|  ap_memory |       x_in_0_2_0      |     array    |
|x_in_0_3_0_address0  | out |    5|  ap_memory |       x_in_0_3_0      |     array    |
|x_in_0_3_0_ce0       | out |    1|  ap_memory |       x_in_0_3_0      |     array    |
|x_in_0_3_0_we0       | out |    1|  ap_memory |       x_in_0_3_0      |     array    |
|x_in_0_3_0_d0        | out |   32|  ap_memory |       x_in_0_3_0      |     array    |
|x_in_0_4_0_address0  | out |    5|  ap_memory |       x_in_0_4_0      |     array    |
|x_in_0_4_0_ce0       | out |    1|  ap_memory |       x_in_0_4_0      |     array    |
|x_in_0_4_0_we0       | out |    1|  ap_memory |       x_in_0_4_0      |     array    |
|x_in_0_4_0_d0        | out |   32|  ap_memory |       x_in_0_4_0      |     array    |
|x_in_1_0_0_address0  | out |    6|  ap_memory |       x_in_1_0_0      |     array    |
|x_in_1_0_0_ce0       | out |    1|  ap_memory |       x_in_1_0_0      |     array    |
|x_in_1_0_0_we0       | out |    1|  ap_memory |       x_in_1_0_0      |     array    |
|x_in_1_0_0_d0        | out |   32|  ap_memory |       x_in_1_0_0      |     array    |
|x_in_1_1_0_address0  | out |    6|  ap_memory |       x_in_1_1_0      |     array    |
|x_in_1_1_0_ce0       | out |    1|  ap_memory |       x_in_1_1_0      |     array    |
|x_in_1_1_0_we0       | out |    1|  ap_memory |       x_in_1_1_0      |     array    |
|x_in_1_1_0_d0        | out |   32|  ap_memory |       x_in_1_1_0      |     array    |
|x_in_1_2_0_address0  | out |    6|  ap_memory |       x_in_1_2_0      |     array    |
|x_in_1_2_0_ce0       | out |    1|  ap_memory |       x_in_1_2_0      |     array    |
|x_in_1_2_0_we0       | out |    1|  ap_memory |       x_in_1_2_0      |     array    |
|x_in_1_2_0_d0        | out |   32|  ap_memory |       x_in_1_2_0      |     array    |
|x_in_1_3_0_address0  | out |    5|  ap_memory |       x_in_1_3_0      |     array    |
|x_in_1_3_0_ce0       | out |    1|  ap_memory |       x_in_1_3_0      |     array    |
|x_in_1_3_0_we0       | out |    1|  ap_memory |       x_in_1_3_0      |     array    |
|x_in_1_3_0_d0        | out |   32|  ap_memory |       x_in_1_3_0      |     array    |
|x_in_1_4_0_address0  | out |    5|  ap_memory |       x_in_1_4_0      |     array    |
|x_in_1_4_0_ce0       | out |    1|  ap_memory |       x_in_1_4_0      |     array    |
|x_in_1_4_0_we0       | out |    1|  ap_memory |       x_in_1_4_0      |     array    |
|x_in_1_4_0_d0        | out |   32|  ap_memory |       x_in_1_4_0      |     array    |
|x_in_2_0_0_address0  | out |    6|  ap_memory |       x_in_2_0_0      |     array    |
|x_in_2_0_0_ce0       | out |    1|  ap_memory |       x_in_2_0_0      |     array    |
|x_in_2_0_0_we0       | out |    1|  ap_memory |       x_in_2_0_0      |     array    |
|x_in_2_0_0_d0        | out |   32|  ap_memory |       x_in_2_0_0      |     array    |
|x_in_2_1_0_address0  | out |    6|  ap_memory |       x_in_2_1_0      |     array    |
|x_in_2_1_0_ce0       | out |    1|  ap_memory |       x_in_2_1_0      |     array    |
|x_in_2_1_0_we0       | out |    1|  ap_memory |       x_in_2_1_0      |     array    |
|x_in_2_1_0_d0        | out |   32|  ap_memory |       x_in_2_1_0      |     array    |
|x_in_2_2_0_address0  | out |    6|  ap_memory |       x_in_2_2_0      |     array    |
|x_in_2_2_0_ce0       | out |    1|  ap_memory |       x_in_2_2_0      |     array    |
|x_in_2_2_0_we0       | out |    1|  ap_memory |       x_in_2_2_0      |     array    |
|x_in_2_2_0_d0        | out |   32|  ap_memory |       x_in_2_2_0      |     array    |
|x_in_2_3_0_address0  | out |    5|  ap_memory |       x_in_2_3_0      |     array    |
|x_in_2_3_0_ce0       | out |    1|  ap_memory |       x_in_2_3_0      |     array    |
|x_in_2_3_0_we0       | out |    1|  ap_memory |       x_in_2_3_0      |     array    |
|x_in_2_3_0_d0        | out |   32|  ap_memory |       x_in_2_3_0      |     array    |
|x_in_2_4_0_address0  | out |    5|  ap_memory |       x_in_2_4_0      |     array    |
|x_in_2_4_0_ce0       | out |    1|  ap_memory |       x_in_2_4_0      |     array    |
|x_in_2_4_0_we0       | out |    1|  ap_memory |       x_in_2_4_0      |     array    |
|x_in_2_4_0_d0        | out |   32|  ap_memory |       x_in_2_4_0      |     array    |
|x_in_3_0_0_address0  | out |    5|  ap_memory |       x_in_3_0_0      |     array    |
|x_in_3_0_0_ce0       | out |    1|  ap_memory |       x_in_3_0_0      |     array    |
|x_in_3_0_0_we0       | out |    1|  ap_memory |       x_in_3_0_0      |     array    |
|x_in_3_0_0_d0        | out |   32|  ap_memory |       x_in_3_0_0      |     array    |
|x_in_3_1_0_address0  | out |    5|  ap_memory |       x_in_3_1_0      |     array    |
|x_in_3_1_0_ce0       | out |    1|  ap_memory |       x_in_3_1_0      |     array    |
|x_in_3_1_0_we0       | out |    1|  ap_memory |       x_in_3_1_0      |     array    |
|x_in_3_1_0_d0        | out |   32|  ap_memory |       x_in_3_1_0      |     array    |
|x_in_3_2_0_address0  | out |    5|  ap_memory |       x_in_3_2_0      |     array    |
|x_in_3_2_0_ce0       | out |    1|  ap_memory |       x_in_3_2_0      |     array    |
|x_in_3_2_0_we0       | out |    1|  ap_memory |       x_in_3_2_0      |     array    |
|x_in_3_2_0_d0        | out |   32|  ap_memory |       x_in_3_2_0      |     array    |
|x_in_3_3_0_address0  | out |    5|  ap_memory |       x_in_3_3_0      |     array    |
|x_in_3_3_0_ce0       | out |    1|  ap_memory |       x_in_3_3_0      |     array    |
|x_in_3_3_0_we0       | out |    1|  ap_memory |       x_in_3_3_0      |     array    |
|x_in_3_3_0_d0        | out |   32|  ap_memory |       x_in_3_3_0      |     array    |
|x_in_3_4_0_address0  | out |    5|  ap_memory |       x_in_3_4_0      |     array    |
|x_in_3_4_0_ce0       | out |    1|  ap_memory |       x_in_3_4_0      |     array    |
|x_in_3_4_0_we0       | out |    1|  ap_memory |       x_in_3_4_0      |     array    |
|x_in_3_4_0_d0        | out |   32|  ap_memory |       x_in_3_4_0      |     array    |
|x_in_4_0_0_address0  | out |    5|  ap_memory |       x_in_4_0_0      |     array    |
|x_in_4_0_0_ce0       | out |    1|  ap_memory |       x_in_4_0_0      |     array    |
|x_in_4_0_0_we0       | out |    1|  ap_memory |       x_in_4_0_0      |     array    |
|x_in_4_0_0_d0        | out |   32|  ap_memory |       x_in_4_0_0      |     array    |
|x_in_4_1_0_address0  | out |    5|  ap_memory |       x_in_4_1_0      |     array    |
|x_in_4_1_0_ce0       | out |    1|  ap_memory |       x_in_4_1_0      |     array    |
|x_in_4_1_0_we0       | out |    1|  ap_memory |       x_in_4_1_0      |     array    |
|x_in_4_1_0_d0        | out |   32|  ap_memory |       x_in_4_1_0      |     array    |
|x_in_4_2_0_address0  | out |    5|  ap_memory |       x_in_4_2_0      |     array    |
|x_in_4_2_0_ce0       | out |    1|  ap_memory |       x_in_4_2_0      |     array    |
|x_in_4_2_0_we0       | out |    1|  ap_memory |       x_in_4_2_0      |     array    |
|x_in_4_2_0_d0        | out |   32|  ap_memory |       x_in_4_2_0      |     array    |
|x_in_4_3_0_address0  | out |    5|  ap_memory |       x_in_4_3_0      |     array    |
|x_in_4_3_0_ce0       | out |    1|  ap_memory |       x_in_4_3_0      |     array    |
|x_in_4_3_0_we0       | out |    1|  ap_memory |       x_in_4_3_0      |     array    |
|x_in_4_3_0_d0        | out |   32|  ap_memory |       x_in_4_3_0      |     array    |
|x_in_4_4_0_address0  | out |    5|  ap_memory |       x_in_4_4_0      |     array    |
|x_in_4_4_0_ce0       | out |    1|  ap_memory |       x_in_4_4_0      |     array    |
|x_in_4_4_0_we0       | out |    1|  ap_memory |       x_in_4_4_0      |     array    |
|x_in_4_4_0_d0        | out |   32|  ap_memory |       x_in_4_4_0      |     array    |
+---------------------+-----+-----+------------+-----------------------+--------------+

