

================================================================
== Vivado HLS Report for 'inference_maxPoolNxN_1'
================================================================
* Date:           Tue Jun  7 01:54:07 2016

* Version:        2015.4 (Build 1412921 on Wed Nov 18 09:58:55 AM 2015)
* Project:        convnet_cpp
* Solution:       solution1
* Product family: virtex7
* Target device:  xc7vx690tffg1761-2


================================================================
== Performance Estimates
================================================================
+ Timing (ns): 
    * Summary: 
    +--------+-------+----------+------------+
    |  Clock | Target| Estimated| Uncertainty|
    +--------+-------+----------+------------+
    |ap_clk  |  10.00|      7.96|        1.25|
    +--------+-------+----------+------------+

+ Latency (clock cycles): 
    * Summary: 
    +------+------+------+------+---------+
    |   Latency   |   Interval  | Pipeline|
    |  min |  max |  min |  max |   Type  |
    +------+------+------+------+---------+
    |  1181|  1181|  1181|  1181|   none  |
    +------+------+------+------+---------+

    + Detail: 
        * Instance: 
        N/A

        * Loop: 
        +-----------------------+------+------+----------+-----------+-----------+------+----------+
        |                       |   Latency   | Iteration|  Initiation Interval  | Trip |          |
        |       Loop Name       |  min |  max |  Latency |  achieved |   target  | Count| Pipelined|
        +-----------------------+------+------+----------+-----------+-----------+------+----------+
        |- L_maxPoolNxN_label1  |  1179|  1179|        10|          6|          1|   196|    yes   |
        +-----------------------+------+------+----------+-----------+-----------+------+----------+



================================================================
== Utilization Estimates
================================================================
* Summary: 
+-----------------+---------+-------+--------+--------+
|       Name      | BRAM_18K| DSP48E|   FF   |   LUT  |
+-----------------+---------+-------+--------+--------+
|DSP              |        -|      -|       -|       -|
|Expression       |        -|      1|       0|    1758|
|FIFO             |        -|      -|       -|       -|
|Instance         |        -|      0|     295|     319|
|Memory           |        -|      -|       -|       -|
|Multiplexer      |        -|      -|       -|     468|
|Register         |        -|      -|     933|       -|
+-----------------+---------+-------+--------+--------+
|Total            |        0|      1|    1228|    2545|
+-----------------+---------+-------+--------+--------+
|Available        |     2940|   3600|  866400|  433200|
+-----------------+---------+-------+--------+--------+
|Utilization (%)  |        0|   ~0  |   ~0   |   ~0   |
+-----------------+---------+-------+--------+--------+

+ Detail: 
    * Instance: 
    +-----------------------------------+------------------------------+---------+-------+----+----+
    |              Instance             |            Module            | BRAM_18K| DSP48E| FF | LUT|
    +-----------------------------------+------------------------------+---------+-------+----+----+
    |inference_fcmp_32ns_32ns_1_1_U101  |inference_fcmp_32ns_32ns_1_1  |        0|      0|  66|  72|
    |inference_fcmp_32ns_32ns_1_1_U102  |inference_fcmp_32ns_32ns_1_1  |        0|      0|  66|  72|
    |inference_fcmp_32ns_32ns_1_1_U103  |inference_fcmp_32ns_32ns_1_1  |        0|      0|  66|  72|
    |inference_fcmp_32ns_32ns_1_1_U104  |inference_fcmp_32ns_32ns_1_1  |        0|      0|  66|  72|
    |inference_urem_4ns_4ns_4_8_U105    |inference_urem_4ns_4ns_4_8    |        0|      0|  31|  31|
    +-----------------------------------+------------------------------+---------+-------+----+----+
    |Total                              |                              |        0|      0| 295| 319|
    +-----------------------------------+------------------------------+---------+-------+----+----+

    * DSP48: 
    N/A

    * Memory: 
    N/A

    * FIFO: 
    N/A

    * Expression: 
    +--------------------------------+----------+-------+---+----+------------+------------+
    |          Variable Name         | Operation| DSP48E| FF| LUT| Bitwidth P0| Bitwidth P1|
    +--------------------------------+----------+-------+---+----+------------+------------+
    |mul_fu_1268_p2                  |     *    |      1|  0|   6|           5|           4|
    |in_c_idx_1_fu_1284_p2           |     +    |      0|  0|   5|           5|           2|
    |in_r_idx_1_fu_1040_p2           |     +    |      0|  0|   5|           2|           5|
    |indvar_flatten_next_fu_1034_p2  |     +    |      0|  0|   8|           8|           1|
    |tmp_10_fu_1164_p2               |     +    |      0|  0|  10|          10|          10|
    |tmp_131_fu_3216_p2              |     +    |      0|  0|   3|           7|           7|
    |tmp_138_fu_3250_p2              |     +    |      0|  0|   6|           6|           6|
    |tmp_154_fu_3486_p2              |     +    |      0|  0|   9|           2|           9|
    |tmp_161_fu_3496_p2              |     +    |      0|  0|   9|           2|           9|
    |tmp_163_fu_3506_p2              |     +    |      0|  0|   9|           3|           9|
    |tmp_170_fu_3516_p2              |     +    |      0|  0|   9|           3|           9|
    |tmp_33_fu_1208_p2               |     +    |      0|  0|  10|          10|          10|
    |tmp_58_fu_1290_p2               |     +    |      0|  0|  12|           2|          12|
    |tmp_65_fu_2042_p2               |     +    |      0|  0|  12|           2|          12|
    |tmp_67_fu_1303_p2               |     +    |      0|  0|  12|           2|          12|
    |tmp_74_fu_2055_p2               |     +    |      0|  0|  12|           2|          12|
    |tmp_79_fu_1436_p2               |     +    |      0|  0|  12|           3|          12|
    |tmp_81_fu_2428_p2               |     +    |      0|  0|  12|           3|          12|
    |tmp_88_fu_1449_p2               |     +    |      0|  0|  12|           3|          12|
    |tmp_90_fu_2441_p2               |     +    |      0|  0|  12|           3|          12|
    |tmp_145_fu_3276_p2              |     -    |      0|  0|   9|           9|           9|
    |tmp_26_fu_1194_p2               |     -    |      0|  0|  12|          12|          12|
    |tmp_3_fu_3188_p2                |     -    |      0|  0|   3|           7|           7|
    |tmp_47_fu_1238_p2               |     -    |      0|  0|  12|          12|          12|
    |tmp_4_fu_1094_p2                |     -    |      0|  0|   9|           9|           9|
    |tmp_7_fu_1126_p2                |     -    |      0|  0|   9|           9|           9|
    |grp_fu_1000_p3                  |  Select  |      0|  0|  32|           1|          32|
    |grp_fu_1009_p3                  |  Select  |      0|  0|  32|           1|          32|
    |grp_fu_984_p3                   |  Select  |      0|  0|  32|           1|          32|
    |grp_fu_993_p3                   |  Select  |      0|  0|  32|           1|          32|
    |in_c_idx_mid2_fu_1052_p3        |  Select  |      0|  0|   5|           1|           5|
    |in_r_idx_mid2_fu_1060_p3        |  Select  |      0|  0|   5|           1|           5|
    |out_2_0_0_1_fu_1545_p3          |  Select  |      0|  0|  32|           1|          32|
    |out_2_0_1_1_fu_2537_p3          |  Select  |      0|  0|  32|           1|          32|
    |out_2_0_1_fu_2151_p3            |  Select  |      0|  0|  32|           1|          32|
    |out_2_1_0_1_fu_1635_p3          |  Select  |      0|  0|  32|           1|          32|
    |out_2_1_1_1_fu_2627_p3          |  Select  |      0|  0|  32|           1|          32|
    |out_2_1_1_fu_2241_p3            |  Select  |      0|  0|  32|           1|          32|
    |out_2_1_fu_1428_p3              |  Select  |      0|  0|  32|           1|          32|
    |out_2_2_0_1_fu_1845_p3          |  Select  |      0|  0|  32|           1|          32|
    |out_2_2_1_1_fu_2897_p3          |  Select  |      0|  0|  32|           1|          32|
    |out_2_2_1_fu_2717_p3            |  Select  |      0|  0|  32|           1|          32|
    |out_2_2_fu_1684_p3              |  Select  |      0|  0|  32|           1|          32|
    |out_2_3_0_1_fu_1935_p3          |  Select  |      0|  0|  32|           1|          32|
    |out_2_3_1_1_fu_2987_p3          |  Select  |      0|  0|  32|           1|          32|
    |out_2_3_1_fu_2807_p3            |  Select  |      0|  0|  32|           1|          32|
    |out_2_3_fu_1734_p3              |  Select  |      0|  0|  32|           1|          32|
    |out_2_4_0_1_fu_2331_p3          |  Select  |      0|  0|  32|           1|          32|
    |out_2_4_1_1_fu_3381_p3          |  Select  |      0|  0|  32|           1|          32|
    |out_2_4_1_fu_3077_p3            |  Select  |      0|  0|  32|           1|          32|
    |out_2_4_fu_1984_p3              |  Select  |      0|  0|  32|           1|          32|
    |out_2_5_0_1_fu_2421_p3          |  Select  |      0|  0|  32|           1|          32|
    |out_2_5_1_1_fu_3475_p3          |  Select  |      0|  0|  32|           1|          32|
    |out_2_5_1_fu_3167_p3            |  Select  |      0|  0|  32|           1|          32|
    |out_2_5_fu_2034_p3              |  Select  |      0|  0|  32|           1|          32|
    |out_2_fu_1365_p3                |  Select  |      0|  0|  32|           1|          32|
    |tmp_102_fu_2885_p2              |    and   |      0|  0|   1|           1|           1|
    |tmp_104_fu_2891_p2              |    and   |      0|  0|   1|           1|           1|
    |tmp_109_fu_1728_p2              |    and   |      0|  0|   1|           1|           1|
    |tmp_116_fu_1923_p2              |    and   |      0|  0|   1|           1|           1|
    |tmp_118_fu_1929_p2              |    and   |      0|  0|   1|           1|           1|
    |tmp_125_fu_2795_p2              |    and   |      0|  0|   1|           1|           1|
    |tmp_127_fu_2801_p2              |    and   |      0|  0|   1|           1|           1|
    |tmp_134_fu_2975_p2              |    and   |      0|  0|   1|           1|           1|
    |tmp_136_fu_2981_p2              |    and   |      0|  0|   1|           1|           1|
    |tmp_13_fu_1359_p2               |    and   |      0|  0|   1|           1|           1|
    |tmp_141_fu_1978_p2              |    and   |      0|  0|   1|           1|           1|
    |tmp_148_fu_2319_p2              |    and   |      0|  0|   1|           1|           1|
    |tmp_150_fu_2325_p2              |    and   |      0|  0|   1|           1|           1|
    |tmp_157_fu_3065_p2              |    and   |      0|  0|   1|           1|           1|
    |tmp_159_fu_3071_p2              |    and   |      0|  0|   1|           1|           1|
    |tmp_166_fu_3369_p2              |    and   |      0|  0|   1|           1|           1|
    |tmp_168_fu_3375_p2              |    and   |      0|  0|   1|           1|           1|
    |tmp_173_fu_2028_p2              |    and   |      0|  0|   1|           1|           1|
    |tmp_180_fu_2409_p2              |    and   |      0|  0|   1|           1|           1|
    |tmp_182_fu_2415_p2              |    and   |      0|  0|   1|           1|           1|
    |tmp_189_fu_3155_p2              |    and   |      0|  0|   1|           1|           1|
    |tmp_191_fu_3161_p2              |    and   |      0|  0|   1|           1|           1|
    |tmp_198_fu_3463_p2              |    and   |      0|  0|   1|           1|           1|
    |tmp_200_fu_3469_p2              |    and   |      0|  0|   1|           1|           1|
    |tmp_20_fu_1533_p2               |    and   |      0|  0|   1|           1|           1|
    |tmp_22_fu_1539_p2               |    and   |      0|  0|   1|           1|           1|
    |tmp_29_fu_2139_p2               |    and   |      0|  0|   1|           1|           1|
    |tmp_31_fu_2145_p2               |    and   |      0|  0|   1|           1|           1|
    |tmp_38_fu_2525_p2               |    and   |      0|  0|   1|           1|           1|
    |tmp_40_fu_2531_p2               |    and   |      0|  0|   1|           1|           1|
    |tmp_45_fu_1422_p2               |    and   |      0|  0|   1|           1|           1|
    |tmp_52_fu_1623_p2               |    and   |      0|  0|   1|           1|           1|
    |tmp_54_fu_1629_p2               |    and   |      0|  0|   1|           1|           1|
    |tmp_61_fu_2229_p2               |    and   |      0|  0|   1|           1|           1|
    |tmp_63_fu_2235_p2               |    and   |      0|  0|   1|           1|           1|
    |tmp_70_fu_2615_p2               |    and   |      0|  0|   1|           1|           1|
    |tmp_72_fu_2621_p2               |    and   |      0|  0|   1|           1|           1|
    |tmp_77_fu_1678_p2               |    and   |      0|  0|   1|           1|           1|
    |tmp_84_fu_1833_p2               |    and   |      0|  0|   1|           1|           1|
    |tmp_86_fu_1839_p2               |    and   |      0|  0|   1|           1|           1|
    |tmp_93_fu_2705_p2               |    and   |      0|  0|   1|           1|           1|
    |tmp_95_fu_2711_p2               |    and   |      0|  0|   1|           1|           1|
    |cond1_fu_1378_p2                |   icmp   |      0|  0|   1|           2|           1|
    |cond_fu_1316_p2                 |   icmp   |      0|  0|   1|           2|           1|
    |exitcond_flatten_fu_1028_p2     |   icmp   |      0|  0|   3|           8|           7|
    |notlhs10_fu_2193_p2             |   icmp   |      0|  0|   3|           8|           2|
    |notlhs11_fu_2211_p2             |   icmp   |      0|  0|   3|           8|           2|
    |notlhs12_fu_2579_p2             |   icmp   |      0|  0|   3|           8|           2|
    |notlhs13_fu_2597_p2             |   icmp   |      0|  0|   3|           8|           2|
    |notlhs14_fu_1660_p2             |   icmp   |      0|  0|   3|           8|           2|
    |notlhs15_fu_1797_p2             |   icmp   |      0|  0|   3|           8|           2|
    |notlhs16_fu_1815_p2             |   icmp   |      0|  0|   3|           8|           2|
    |notlhs17_fu_2669_p2             |   icmp   |      0|  0|   3|           8|           2|
    |notlhs18_fu_2687_p2             |   icmp   |      0|  0|   3|           8|           2|
    |notlhs19_fu_2849_p2             |   icmp   |      0|  0|   3|           8|           2|
    |notlhs1_fu_2103_p2              |   icmp   |      0|  0|   3|           8|           2|
    |notlhs20_fu_2867_p2             |   icmp   |      0|  0|   3|           8|           2|
    |notlhs21_fu_1710_p2             |   icmp   |      0|  0|   3|           8|           2|
    |notlhs22_fu_1887_p2             |   icmp   |      0|  0|   3|           8|           2|
    |notlhs23_fu_1905_p2             |   icmp   |      0|  0|   3|           8|           2|
    |notlhs24_fu_2759_p2             |   icmp   |      0|  0|   3|           8|           2|
    |notlhs25_fu_2777_p2             |   icmp   |      0|  0|   3|           8|           2|
    |notlhs26_fu_2939_p2             |   icmp   |      0|  0|   3|           8|           2|
    |notlhs27_fu_2957_p2             |   icmp   |      0|  0|   3|           8|           2|
    |notlhs28_fu_1960_p2             |   icmp   |      0|  0|   3|           8|           2|
    |notlhs29_fu_2283_p2             |   icmp   |      0|  0|   3|           8|           2|
    |notlhs2_fu_2121_p2              |   icmp   |      0|  0|   3|           8|           2|
    |notlhs30_fu_2301_p2             |   icmp   |      0|  0|   3|           8|           2|
    |notlhs31_fu_3029_p2             |   icmp   |      0|  0|   3|           8|           2|
    |notlhs32_fu_3047_p2             |   icmp   |      0|  0|   3|           8|           2|
    |notlhs33_fu_3333_p2             |   icmp   |      0|  0|   3|           8|           2|
    |notlhs34_fu_3351_p2             |   icmp   |      0|  0|   3|           8|           2|
    |notlhs35_fu_2010_p2             |   icmp   |      0|  0|   3|           8|           2|
    |notlhs36_fu_2373_p2             |   icmp   |      0|  0|   3|           8|           2|
    |notlhs37_fu_2391_p2             |   icmp   |      0|  0|   3|           8|           2|
    |notlhs38_fu_3119_p2             |   icmp   |      0|  0|   3|           8|           2|
    |notlhs39_fu_3137_p2             |   icmp   |      0|  0|   3|           8|           2|
    |notlhs3_fu_2489_p2              |   icmp   |      0|  0|   3|           8|           2|
    |notlhs40_fu_3427_p2             |   icmp   |      0|  0|   3|           8|           2|
    |notlhs41_fu_3445_p2             |   icmp   |      0|  0|   3|           8|           2|
    |notlhs4_fu_2507_p2              |   icmp   |      0|  0|   3|           8|           2|
    |notlhs5_fu_1404_p2              |   icmp   |      0|  0|   3|           8|           2|
    |notlhs6_fu_1497_p2              |   icmp   |      0|  0|   3|           8|           2|
    |notlhs7_fu_1587_p2              |   icmp   |      0|  0|   3|           8|           2|
    |notlhs8_fu_1515_p2              |   icmp   |      0|  0|   3|           8|           2|
    |notlhs9_fu_1605_p2              |   icmp   |      0|  0|   3|           8|           2|
    |notlhs_fu_1341_p2               |   icmp   |      0|  0|   3|           8|           2|
    |notrhs10_fu_2199_p2             |   icmp   |      0|  0|   8|          23|           1|
    |notrhs11_fu_2217_p2             |   icmp   |      0|  0|   8|          23|           1|
    |notrhs12_fu_2585_p2             |   icmp   |      0|  0|   8|          23|           1|
    |notrhs13_fu_2603_p2             |   icmp   |      0|  0|   8|          23|           1|
    |notrhs14_fu_1666_p2             |   icmp   |      0|  0|   8|          23|           1|
    |notrhs15_fu_1803_p2             |   icmp   |      0|  0|   8|          23|           1|
    |notrhs16_fu_1821_p2             |   icmp   |      0|  0|   8|          23|           1|
    |notrhs17_fu_2675_p2             |   icmp   |      0|  0|   8|          23|           1|
    |notrhs18_fu_2693_p2             |   icmp   |      0|  0|   8|          23|           1|
    |notrhs19_fu_2855_p2             |   icmp   |      0|  0|   8|          23|           1|
    |notrhs1_fu_2109_p2              |   icmp   |      0|  0|   8|          23|           1|
    |notrhs20_fu_2873_p2             |   icmp   |      0|  0|   8|          23|           1|
    |notrhs21_fu_1716_p2             |   icmp   |      0|  0|   8|          23|           1|
    |notrhs22_fu_1893_p2             |   icmp   |      0|  0|   8|          23|           1|
    |notrhs23_fu_1911_p2             |   icmp   |      0|  0|   8|          23|           1|
    |notrhs24_fu_2765_p2             |   icmp   |      0|  0|   8|          23|           1|
    |notrhs25_fu_2783_p2             |   icmp   |      0|  0|   8|          23|           1|
    |notrhs26_fu_2945_p2             |   icmp   |      0|  0|   8|          23|           1|
    |notrhs27_fu_2963_p2             |   icmp   |      0|  0|   8|          23|           1|
    |notrhs28_fu_1966_p2             |   icmp   |      0|  0|   8|          23|           1|
    |notrhs29_fu_2289_p2             |   icmp   |      0|  0|   8|          23|           1|
    |notrhs2_fu_2127_p2              |   icmp   |      0|  0|   8|          23|           1|
    |notrhs30_fu_2307_p2             |   icmp   |      0|  0|   8|          23|           1|
    |notrhs31_fu_3035_p2             |   icmp   |      0|  0|   8|          23|           1|
    |notrhs32_fu_3053_p2             |   icmp   |      0|  0|   8|          23|           1|
    |notrhs33_fu_3339_p2             |   icmp   |      0|  0|   8|          23|           1|
    |notrhs34_fu_3357_p2             |   icmp   |      0|  0|   8|          23|           1|
    |notrhs35_fu_2016_p2             |   icmp   |      0|  0|   8|          23|           1|
    |notrhs36_fu_2379_p2             |   icmp   |      0|  0|   8|          23|           1|
    |notrhs37_fu_2397_p2             |   icmp   |      0|  0|   8|          23|           1|
    |notrhs38_fu_3125_p2             |   icmp   |      0|  0|   8|          23|           1|
    |notrhs39_fu_3143_p2             |   icmp   |      0|  0|   8|          23|           1|
    |notrhs3_fu_2495_p2              |   icmp   |      0|  0|   8|          23|           1|
    |notrhs40_fu_3433_p2             |   icmp   |      0|  0|   8|          23|           1|
    |notrhs41_fu_3451_p2             |   icmp   |      0|  0|   8|          23|           1|
    |notrhs4_fu_2513_p2              |   icmp   |      0|  0|   8|          23|           1|
    |notrhs5_fu_1410_p2              |   icmp   |      0|  0|   8|          23|           1|
    |notrhs6_fu_1593_p2              |   icmp   |      0|  0|   8|          23|           1|
    |notrhs7_fu_1503_p2              |   icmp   |      0|  0|   8|          23|           1|
    |notrhs8_fu_1611_p2              |   icmp   |      0|  0|   8|          23|           1|
    |notrhs9_fu_1521_p2              |   icmp   |      0|  0|   8|          23|           1|
    |notrhs_fu_1347_p2               |   icmp   |      0|  0|   8|          23|           1|
    |tmp_s_fu_1046_p2                |   icmp   |      0|  0|   2|           5|           4|
    |ap_sig_bdd_541                  |    or    |      0|  0|   1|           1|           1|
    |arrayNo1_fu_1373_p2             |    or    |      0|  0|   2|           2|           1|
    |tmp_100_fu_2861_p2              |    or    |      0|  0|   1|           1|           1|
    |tmp_101_fu_2879_p2              |    or    |      0|  0|   1|           1|           1|
    |tmp_107_fu_1722_p2              |    or    |      0|  0|   1|           1|           1|
    |tmp_114_fu_1899_p2              |    or    |      0|  0|   1|           1|           1|
    |tmp_115_fu_1917_p2              |    or    |      0|  0|   1|           1|           1|
    |tmp_11_fu_1353_p2               |    or    |      0|  0|   1|           1|           1|
    |tmp_123_fu_2771_p2              |    or    |      0|  0|   1|           1|           1|
    |tmp_124_fu_2789_p2              |    or    |      0|  0|   1|           1|           1|
    |tmp_132_fu_2951_p2              |    or    |      0|  0|   1|           1|           1|
    |tmp_133_fu_2969_p2              |    or    |      0|  0|   1|           1|           1|
    |tmp_139_fu_1972_p2              |    or    |      0|  0|   1|           1|           1|
    |tmp_146_fu_2295_p2              |    or    |      0|  0|   1|           1|           1|
    |tmp_147_fu_2313_p2              |    or    |      0|  0|   1|           1|           1|
    |tmp_152_fu_3287_p2              |    or    |      0|  0|  14|           9|           1|
    |tmp_155_fu_3041_p2              |    or    |      0|  0|   1|           1|           1|
    |tmp_156_fu_3059_p2              |    or    |      0|  0|   1|           1|           1|
    |tmp_164_fu_3345_p2              |    or    |      0|  0|   1|           1|           1|
    |tmp_165_fu_3363_p2              |    or    |      0|  0|   1|           1|           1|
    |tmp_171_fu_2022_p2              |    or    |      0|  0|   1|           1|           1|
    |tmp_178_fu_2385_p2              |    or    |      0|  0|   1|           1|           1|
    |tmp_179_fu_2403_p2              |    or    |      0|  0|   1|           1|           1|
    |tmp_187_fu_3131_p2              |    or    |      0|  0|   1|           1|           1|
    |tmp_188_fu_3149_p2              |    or    |      0|  0|   1|           1|           1|
    |tmp_18_fu_1509_p2               |    or    |      0|  0|   1|           1|           1|
    |tmp_196_fu_3439_p2              |    or    |      0|  0|   1|           1|           1|
    |tmp_197_fu_3457_p2              |    or    |      0|  0|   1|           1|           1|
    |tmp_19_fu_1527_p2               |    or    |      0|  0|   1|           1|           1|
    |tmp_27_fu_2115_p2               |    or    |      0|  0|   1|           1|           1|
    |tmp_28_fu_2133_p2               |    or    |      0|  0|   1|           1|           1|
    |tmp_36_fu_2501_p2               |    or    |      0|  0|   1|           1|           1|
    |tmp_37_fu_2519_p2               |    or    |      0|  0|   1|           1|           1|
    |tmp_43_fu_1416_p2               |    or    |      0|  0|   1|           1|           1|
    |tmp_49_fu_1244_p2               |    or    |      0|  0|  18|          12|           1|
    |tmp_50_fu_1599_p2               |    or    |      0|  0|   1|           1|           1|
    |tmp_51_fu_1617_p2               |    or    |      0|  0|   1|           1|           1|
    |tmp_56_fu_1749_p2               |    or    |      0|  0|  18|          12|           1|
    |tmp_59_fu_2205_p2               |    or    |      0|  0|   1|           1|           1|
    |tmp_60_fu_2223_p2               |    or    |      0|  0|   1|           1|           1|
    |tmp_68_fu_2591_p2               |    or    |      0|  0|   1|           1|           1|
    |tmp_69_fu_2609_p2               |    or    |      0|  0|   1|           1|           1|
    |tmp_75_fu_1672_p2               |    or    |      0|  0|   1|           1|           1|
    |tmp_82_fu_1809_p2               |    or    |      0|  0|   1|           1|           1|
    |tmp_83_fu_1827_p2               |    or    |      0|  0|   1|           1|           1|
    |tmp_91_fu_2681_p2               |    or    |      0|  0|   1|           1|           1|
    |tmp_92_fu_2699_p2               |    or    |      0|  0|   1|           1|           1|
    |tmp_9_0_s_fu_1104_p2            |    or    |      0|  0|   6|           5|           1|
    +--------------------------------+----------+-------+---+----+------------+------------+
    |Total                           |          |      1|  0|1758|        1615|        1370|
    +--------------------------------+----------+-------+---+----+------------+------------+

    * Multiplexer: 
    +------------------------------+----+-----------+-----+-----------+
    |             Name             | LUT| Input Size| Bits| Total Bits|
    +------------------------------+----+-----------+-----+-----------+
    |ap_NS_fsm                     |   4|          9|    1|          9|
    |grp_fu_1000_p0                |   1|          3|    1|          3|
    |grp_fu_1009_p0                |   1|          3|    1|          3|
    |grp_fu_964_p0                 |  32|          3|   32|         96|
    |grp_fu_964_p1                 |  32|          7|   32|        224|
    |grp_fu_969_p0                 |  32|          3|   32|         96|
    |grp_fu_969_p1                 |  32|          7|   32|        224|
    |grp_fu_974_p0                 |  32|          3|   32|         96|
    |grp_fu_974_p1                 |  32|          6|   32|        192|
    |grp_fu_979_p0                 |  32|          3|   32|         96|
    |grp_fu_979_p1                 |  32|          6|   32|        192|
    |grp_fu_984_p0                 |   1|          3|    1|          3|
    |grp_fu_993_p0                 |   1|          3|    1|          3|
    |in_c_idx_phi_fu_957_p4        |   5|          2|    5|         10|
    |in_c_idx_reg_953              |   5|          2|    5|         10|
    |in_r_idx_phi_fu_946_p4        |   5|          2|    5|         10|
    |in_r_idx_reg_942              |   5|          2|    5|         10|
    |indvar_flatten_phi_fu_935_p4  |   8|          2|    8|         16|
    |indvar_flatten_reg_931        |   8|          2|    8|         16|
    |out_feature_4_address0        |   8|          4|    8|         32|
    |out_feature_4_address1        |   8|          4|    8|         32|
    |out_feature_4_d0              |  32|          4|   32|        128|
    |out_feature_4_d1              |  32|          4|   32|        128|
    |x_0_address0                  |  11|          7|   11|         77|
    |x_0_address1                  |  11|          7|   11|         77|
    |x_1_address0                  |  11|          7|   11|         77|
    |x_1_address1                  |  11|          7|   11|         77|
    |x_2_address0                  |  11|          7|   11|         77|
    |x_2_address1                  |  11|          7|   11|         77|
    |x_3_address0                  |  11|          7|   11|         77|
    |x_3_address1                  |  11|          7|   11|         77|
    +------------------------------+----+-----------+-----+-----------+
    |Total                         | 468|        143|  465|       2245|
    +------------------------------+----+-----------+-----+-----------+

    * Register: 
    +------------------------------------------------+----+----+-----+-----------+
    |                      Name                      | FF | LUT| Bits| Const Bits|
    +------------------------------------------------+----+----+-----+-----------+
    |ap_CS_fsm                                       |   8|   0|    8|          0|
    |ap_done_reg                                     |   1|   0|    1|          0|
    |ap_reg_ppiten_pp0_it0                           |   1|   0|    1|          0|
    |ap_reg_ppiten_pp0_it1                           |   1|   0|    1|          0|
    |ap_reg_ppstg_exitcond_flatten_reg_3526_pp0_it1  |   1|   0|    1|          0|
    |ap_reg_ppstg_p_lshr_f_cast_reg_3540_pp0_it1     |   4|   0|    4|          0|
    |ap_reg_ppstg_tmp_129_reg_3616_pp0_it1           |   3|   0|    3|          0|
    |arrayNo2_reg_4000                               |   4|   0|    4|          0|
    |cond1_reg_3679                                  |   1|   0|    1|          0|
    |cond_reg_3666                                   |   1|   0|    1|          0|
    |exitcond_flatten_reg_3526                       |   1|   0|    1|          0|
    |in_c_idx_1_reg_3621                             |   5|   0|    5|          0|
    |in_c_idx_reg_953                                |   5|   0|    5|          0|
    |in_r_idx_mid2_reg_3535                          |   5|   0|    5|          0|
    |in_r_idx_reg_942                                |   5|   0|    5|          0|
    |indvar_flatten_next_reg_3530                    |   8|   0|    8|          0|
    |indvar_flatten_reg_931                          |   8|   0|    8|          0|
    |out_2_0_0_1_reg_3732                            |  32|   0|   32|          0|
    |out_2_0_1_1_reg_3936                            |  32|   0|   32|          0|
    |out_2_0_1_reg_3868                              |  32|   0|   32|          0|
    |out_2_1_0_1_reg_3739                            |  32|   0|   32|          0|
    |out_2_1_1_1_reg_3945                            |  32|   0|   32|          0|
    |out_2_1_1_reg_3875                              |  32|   0|   32|          0|
    |out_2_1_reg_3685                                |  32|   0|   32|          0|
    |out_2_2_0_1_reg_3800                            |  32|   0|   32|          0|
    |out_2_2_1_1_reg_3968                            |  32|   0|   32|          0|
    |out_2_2_1_reg_3954                              |  32|   0|   32|          0|
    |out_2_2_reg_3746                                |  32|   0|   32|          0|
    |out_2_3_0_1_reg_3807                            |  32|   0|   32|          0|
    |out_2_3_1_1_reg_3977                            |  32|   0|   32|          0|
    |out_2_3_1_reg_3961                              |  32|   0|   32|          0|
    |out_2_3_reg_3753                                |  32|   0|   32|          0|
    |out_2_4_0_1_reg_3882                            |  32|   0|   32|          0|
    |out_2_4_1_1_reg_4012                            |  32|   0|   32|          0|
    |out_2_4_1_reg_3986                              |  32|   0|   32|          0|
    |out_2_4_reg_3814                                |  32|   0|   32|          0|
    |out_2_5_0_1_reg_3889                            |  32|   0|   32|          0|
    |out_2_5_1_1_reg_4017                            |  32|   0|   32|          0|
    |out_2_5_1_reg_3993                              |  32|   0|   32|          0|
    |out_2_5_reg_3821                                |  32|   0|   32|          0|
    |out_2_reg_3672                                  |  32|   0|   32|          0|
    |p_lshr_f_cast_reg_3540                          |   4|   0|    4|          0|
    |reg_1016                                        |  32|   0|   32|          0|
    |reg_1022                                        |  32|   0|   32|          0|
    |tmp_129_reg_3616                                |   3|   0|    3|          0|
    |tmp_145_reg_4004                                |   8|   0|    9|          1|
    |tmp_26_reg_3558                                 |  11|   0|   12|          1|
    |tmp_47_reg_3571                                 |  11|   0|   12|          1|
    |tmp_reg_3552                                    |   2|   0|    2|          0|
    +------------------------------------------------+----+----+-----+-----------+
    |Total                                           | 933|   0|  936|          3|
    +------------------------------------------------+----+----+-----+-----------+



================================================================
== Interface
================================================================
* Summary: 
+--------------------------+-----+-----+------------+------------------------+--------------+
|         RTL Ports        | Dir | Bits|  Protocol  |      Source Object     |    C Type    |
+--------------------------+-----+-----+------------+------------------------+--------------+
|ap_clk                    |  in |    1| ap_ctrl_hs | inference_maxPoolNxN.1 | return value |
|ap_rst                    |  in |    1| ap_ctrl_hs | inference_maxPoolNxN.1 | return value |
|ap_start                  |  in |    1| ap_ctrl_hs | inference_maxPoolNxN.1 | return value |
|ap_done                   | out |    1| ap_ctrl_hs | inference_maxPoolNxN.1 | return value |
|ap_continue               |  in |    1| ap_ctrl_hs | inference_maxPoolNxN.1 | return value |
|ap_idle                   | out |    1| ap_ctrl_hs | inference_maxPoolNxN.1 | return value |
|ap_ready                  | out |    1| ap_ctrl_hs | inference_maxPoolNxN.1 | return value |
|x_0_address0              | out |   11|  ap_memory |           x_0          |     array    |
|x_0_ce0                   | out |    1|  ap_memory |           x_0          |     array    |
|x_0_q0                    |  in |   32|  ap_memory |           x_0          |     array    |
|x_0_address1              | out |   11|  ap_memory |           x_0          |     array    |
|x_0_ce1                   | out |    1|  ap_memory |           x_0          |     array    |
|x_0_q1                    |  in |   32|  ap_memory |           x_0          |     array    |
|x_1_address0              | out |   11|  ap_memory |           x_1          |     array    |
|x_1_ce0                   | out |    1|  ap_memory |           x_1          |     array    |
|x_1_q0                    |  in |   32|  ap_memory |           x_1          |     array    |
|x_1_address1              | out |   11|  ap_memory |           x_1          |     array    |
|x_1_ce1                   | out |    1|  ap_memory |           x_1          |     array    |
|x_1_q1                    |  in |   32|  ap_memory |           x_1          |     array    |
|x_2_address0              | out |   11|  ap_memory |           x_2          |     array    |
|x_2_ce0                   | out |    1|  ap_memory |           x_2          |     array    |
|x_2_q0                    |  in |   32|  ap_memory |           x_2          |     array    |
|x_2_address1              | out |   11|  ap_memory |           x_2          |     array    |
|x_2_ce1                   | out |    1|  ap_memory |           x_2          |     array    |
|x_2_q1                    |  in |   32|  ap_memory |           x_2          |     array    |
|x_3_address0              | out |   11|  ap_memory |           x_3          |     array    |
|x_3_ce0                   | out |    1|  ap_memory |           x_3          |     array    |
|x_3_q0                    |  in |   32|  ap_memory |           x_3          |     array    |
|x_3_address1              | out |   11|  ap_memory |           x_3          |     array    |
|x_3_ce1                   | out |    1|  ap_memory |           x_3          |     array    |
|x_3_q1                    |  in |   32|  ap_memory |           x_3          |     array    |
|out_feature_0_0_address0  | out |    6|  ap_memory |     out_feature_0_0    |     array    |
|out_feature_0_0_ce0       | out |    1|  ap_memory |     out_feature_0_0    |     array    |
|out_feature_0_0_we0       | out |    1|  ap_memory |     out_feature_0_0    |     array    |
|out_feature_0_0_d0        | out |   32|  ap_memory |     out_feature_0_0    |     array    |
|out_feature_0_1_address0  | out |    6|  ap_memory |     out_feature_0_1    |     array    |
|out_feature_0_1_ce0       | out |    1|  ap_memory |     out_feature_0_1    |     array    |
|out_feature_0_1_we0       | out |    1|  ap_memory |     out_feature_0_1    |     array    |
|out_feature_0_1_d0        | out |   32|  ap_memory |     out_feature_0_1    |     array    |
|out_feature_0_2_address0  | out |    6|  ap_memory |     out_feature_0_2    |     array    |
|out_feature_0_2_ce0       | out |    1|  ap_memory |     out_feature_0_2    |     array    |
|out_feature_0_2_we0       | out |    1|  ap_memory |     out_feature_0_2    |     array    |
|out_feature_0_2_d0        | out |   32|  ap_memory |     out_feature_0_2    |     array    |
|out_feature_0_3_address0  | out |    6|  ap_memory |     out_feature_0_3    |     array    |
|out_feature_0_3_ce0       | out |    1|  ap_memory |     out_feature_0_3    |     array    |
|out_feature_0_3_we0       | out |    1|  ap_memory |     out_feature_0_3    |     array    |
|out_feature_0_3_d0        | out |   32|  ap_memory |     out_feature_0_3    |     array    |
|out_feature_0_4_address0  | out |    6|  ap_memory |     out_feature_0_4    |     array    |
|out_feature_0_4_ce0       | out |    1|  ap_memory |     out_feature_0_4    |     array    |
|out_feature_0_4_we0       | out |    1|  ap_memory |     out_feature_0_4    |     array    |
|out_feature_0_4_d0        | out |   32|  ap_memory |     out_feature_0_4    |     array    |
|out_feature_0_5_address0  | out |    6|  ap_memory |     out_feature_0_5    |     array    |
|out_feature_0_5_ce0       | out |    1|  ap_memory |     out_feature_0_5    |     array    |
|out_feature_0_5_we0       | out |    1|  ap_memory |     out_feature_0_5    |     array    |
|out_feature_0_5_d0        | out |   32|  ap_memory |     out_feature_0_5    |     array    |
|out_feature_1_0_address0  | out |    6|  ap_memory |     out_feature_1_0    |     array    |
|out_feature_1_0_ce0       | out |    1|  ap_memory |     out_feature_1_0    |     array    |
|out_feature_1_0_we0       | out |    1|  ap_memory |     out_feature_1_0    |     array    |
|out_feature_1_0_d0        | out |   32|  ap_memory |     out_feature_1_0    |     array    |
|out_feature_1_1_address0  | out |    6|  ap_memory |     out_feature_1_1    |     array    |
|out_feature_1_1_ce0       | out |    1|  ap_memory |     out_feature_1_1    |     array    |
|out_feature_1_1_we0       | out |    1|  ap_memory |     out_feature_1_1    |     array    |
|out_feature_1_1_d0        | out |   32|  ap_memory |     out_feature_1_1    |     array    |
|out_feature_1_2_address0  | out |    6|  ap_memory |     out_feature_1_2    |     array    |
|out_feature_1_2_ce0       | out |    1|  ap_memory |     out_feature_1_2    |     array    |
|out_feature_1_2_we0       | out |    1|  ap_memory |     out_feature_1_2    |     array    |
|out_feature_1_2_d0        | out |   32|  ap_memory |     out_feature_1_2    |     array    |
|out_feature_1_3_address0  | out |    6|  ap_memory |     out_feature_1_3    |     array    |
|out_feature_1_3_ce0       | out |    1|  ap_memory |     out_feature_1_3    |     array    |
|out_feature_1_3_we0       | out |    1|  ap_memory |     out_feature_1_3    |     array    |
|out_feature_1_3_d0        | out |   32|  ap_memory |     out_feature_1_3    |     array    |
|out_feature_1_4_address0  | out |    6|  ap_memory |     out_feature_1_4    |     array    |
|out_feature_1_4_ce0       | out |    1|  ap_memory |     out_feature_1_4    |     array    |
|out_feature_1_4_we0       | out |    1|  ap_memory |     out_feature_1_4    |     array    |
|out_feature_1_4_d0        | out |   32|  ap_memory |     out_feature_1_4    |     array    |
|out_feature_1_5_address0  | out |    6|  ap_memory |     out_feature_1_5    |     array    |
|out_feature_1_5_ce0       | out |    1|  ap_memory |     out_feature_1_5    |     array    |
|out_feature_1_5_we0       | out |    1|  ap_memory |     out_feature_1_5    |     array    |
|out_feature_1_5_d0        | out |   32|  ap_memory |     out_feature_1_5    |     array    |
|out_feature_2_0_address0  | out |    6|  ap_memory |     out_feature_2_0    |     array    |
|out_feature_2_0_ce0       | out |    1|  ap_memory |     out_feature_2_0    |     array    |
|out_feature_2_0_we0       | out |    1|  ap_memory |     out_feature_2_0    |     array    |
|out_feature_2_0_d0        | out |   32|  ap_memory |     out_feature_2_0    |     array    |
|out_feature_2_1_address0  | out |    6|  ap_memory |     out_feature_2_1    |     array    |
|out_feature_2_1_ce0       | out |    1|  ap_memory |     out_feature_2_1    |     array    |
|out_feature_2_1_we0       | out |    1|  ap_memory |     out_feature_2_1    |     array    |
|out_feature_2_1_d0        | out |   32|  ap_memory |     out_feature_2_1    |     array    |
|out_feature_2_2_address0  | out |    6|  ap_memory |     out_feature_2_2    |     array    |
|out_feature_2_2_ce0       | out |    1|  ap_memory |     out_feature_2_2    |     array    |
|out_feature_2_2_we0       | out |    1|  ap_memory |     out_feature_2_2    |     array    |
|out_feature_2_2_d0        | out |   32|  ap_memory |     out_feature_2_2    |     array    |
|out_feature_2_3_address0  | out |    6|  ap_memory |     out_feature_2_3    |     array    |
|out_feature_2_3_ce0       | out |    1|  ap_memory |     out_feature_2_3    |     array    |
|out_feature_2_3_we0       | out |    1|  ap_memory |     out_feature_2_3    |     array    |
|out_feature_2_3_d0        | out |   32|  ap_memory |     out_feature_2_3    |     array    |
|out_feature_2_4_address0  | out |    6|  ap_memory |     out_feature_2_4    |     array    |
|out_feature_2_4_ce0       | out |    1|  ap_memory |     out_feature_2_4    |     array    |
|out_feature_2_4_we0       | out |    1|  ap_memory |     out_feature_2_4    |     array    |
|out_feature_2_4_d0        | out |   32|  ap_memory |     out_feature_2_4    |     array    |
|out_feature_2_5_address0  | out |    6|  ap_memory |     out_feature_2_5    |     array    |
|out_feature_2_5_ce0       | out |    1|  ap_memory |     out_feature_2_5    |     array    |
|out_feature_2_5_we0       | out |    1|  ap_memory |     out_feature_2_5    |     array    |
|out_feature_2_5_d0        | out |   32|  ap_memory |     out_feature_2_5    |     array    |
|out_feature_3_0_address0  | out |    6|  ap_memory |     out_feature_3_0    |     array    |
|out_feature_3_0_ce0       | out |    1|  ap_memory |     out_feature_3_0    |     array    |
|out_feature_3_0_we0       | out |    1|  ap_memory |     out_feature_3_0    |     array    |
|out_feature_3_0_d0        | out |   32|  ap_memory |     out_feature_3_0    |     array    |
|out_feature_3_1_address0  | out |    6|  ap_memory |     out_feature_3_1    |     array    |
|out_feature_3_1_ce0       | out |    1|  ap_memory |     out_feature_3_1    |     array    |
|out_feature_3_1_we0       | out |    1|  ap_memory |     out_feature_3_1    |     array    |
|out_feature_3_1_d0        | out |   32|  ap_memory |     out_feature_3_1    |     array    |
|out_feature_3_2_address0  | out |    6|  ap_memory |     out_feature_3_2    |     array    |
|out_feature_3_2_ce0       | out |    1|  ap_memory |     out_feature_3_2    |     array    |
|out_feature_3_2_we0       | out |    1|  ap_memory |     out_feature_3_2    |     array    |
|out_feature_3_2_d0        | out |   32|  ap_memory |     out_feature_3_2    |     array    |
|out_feature_3_3_address0  | out |    6|  ap_memory |     out_feature_3_3    |     array    |
|out_feature_3_3_ce0       | out |    1|  ap_memory |     out_feature_3_3    |     array    |
|out_feature_3_3_we0       | out |    1|  ap_memory |     out_feature_3_3    |     array    |
|out_feature_3_3_d0        | out |   32|  ap_memory |     out_feature_3_3    |     array    |
|out_feature_3_4_address0  | out |    6|  ap_memory |     out_feature_3_4    |     array    |
|out_feature_3_4_ce0       | out |    1|  ap_memory |     out_feature_3_4    |     array    |
|out_feature_3_4_we0       | out |    1|  ap_memory |     out_feature_3_4    |     array    |
|out_feature_3_4_d0        | out |   32|  ap_memory |     out_feature_3_4    |     array    |
|out_feature_3_5_address0  | out |    6|  ap_memory |     out_feature_3_5    |     array    |
|out_feature_3_5_ce0       | out |    1|  ap_memory |     out_feature_3_5    |     array    |
|out_feature_3_5_we0       | out |    1|  ap_memory |     out_feature_3_5    |     array    |
|out_feature_3_5_d0        | out |   32|  ap_memory |     out_feature_3_5    |     array    |
|out_feature_4_address0    | out |    8|  ap_memory |      out_feature_4     |     array    |
|out_feature_4_ce0         | out |    1|  ap_memory |      out_feature_4     |     array    |
|out_feature_4_we0         | out |    1|  ap_memory |      out_feature_4     |     array    |
|out_feature_4_d0          | out |   32|  ap_memory |      out_feature_4     |     array    |
|out_feature_4_address1    | out |    8|  ap_memory |      out_feature_4     |     array    |
|out_feature_4_ce1         | out |    1|  ap_memory |      out_feature_4     |     array    |
|out_feature_4_we1         | out |    1|  ap_memory |      out_feature_4     |     array    |
|out_feature_4_d1          | out |   32|  ap_memory |      out_feature_4     |     array    |
+--------------------------+-----+-----+------------+------------------------+--------------+

